<?xml version="1.0" encoding="UTF-8"?>
<!DOCTYPE mapper PUBLIC "-//mybatis.org//DTD Mapper 3.0//EN" "http://mybatis.org/dtd/mybatis-3-mapper.dtd">
<mapper namespace="co.yd.deval.mento.mapper.TestMapper">
	<select id="timeCheck" resultType="int">
		SELECT COUNT(*)
		FROM TEST
		WHERE SERVICE_DATE BETWEEN #{startDate} AND #{endDate}
		AND SERVICE_TIME BETWEEN #{startTm} AND #{endTm}
		AND MENTOID = #{mentoId}
	</select>
	
	<insert id="insertMentoring" parameterType="co.yd.deval.mento.service.MentoServVO">
		INSERT INTO test(mentoId, memberId, service_date, service_time)
		VALUES(#{mentoId},#{mentiId},#{startDate},#{startTm})
	</insert>
</mapper>